<?xml version="1.0" encoding="UTF-8"?>
<!-- Generated by org.testng.reporters.JUnitReportReporter -->
<testsuite skipped="0" hostname="Bobs-MBP.fios-router.home" name="com.testng.pages.DependsOnMethod" tests="3" failures="0" timestamp="02 Dec 2019 00:47:59 GMT" time="0.010" errors="0">
  <testcase name="homePageTest" time="0.001" classname="com.testng.pages.DependsOnMethod"/>
  <testcase name="searchPageTest" time="0.001" classname="com.testng.pages.DependsOnMethod"/>
  <testcase name="loginTest" time="0.008" classname="com.testng.pages.DependsOnMethod"/>
</testsuite> <!-- com.testng.pages.DependsOnMethod -->
