<?xml version="1.0" encoding="UTF-8"?>
<!-- Generated by org.testng.reporters.JUnitReportReporter -->
<testsuite skipped="0" hostname="Users-MacBook-Pro.local" name="com.testng.tests.GoogleMainPageTest" tests="1" failures="0" timestamp="04 Dec 2019 19:20:24 GMT" time="11.745" errors="0">
  <testcase name="getTitle" time="11.745" classname="com.testng.tests.GoogleMainPageTest"/>
</testsuite> <!-- com.testng.tests.GoogleMainPageTest -->
