<?xml version="1.0" encoding="UTF-8"?>
<!-- Generated by org.testng.reporters.JUnitReportReporter -->
<testsuite skipped="0" hostname="Bobs-MBP.fios-router.home" name="com.testng.tests.GoogleMainPageTest" tests="1" failures="0" timestamp="02 Dec 2019 04:36:15 GMT" time="12.121" errors="0">
  <testcase name="getTitle" time="12.121" classname="com.testng.tests.GoogleMainPageTest"/>
</testsuite> <!-- com.testng.tests.GoogleMainPageTest -->
